<?xml version="1.0" encoding="UTF-8" ?>
<testsuite tests="5" failures="2" name="budget.service.BudgetPeriodServiceImplementationTest" time="0.044" errors="0" skipped="0">
  <properties>
[...]
</properties>
  <testcase classname="budget.service.BudgetPeriodServiceImplementationTest" name="shouldUpdate" time="0.032">
    <failure message="
budgetPeriodRepository.get(1);
Wanted 1 time:
-&gt; at budget.service.BudgetPeriodServiceImplementationTest.shouldUpdate(BudgetPeriodServiceImplementationTest.java:118)
But was 2 times. Undesired invocation:
-&gt; at budget.service.BudgetPeriodServiceImplementation.update(BudgetPeriodServiceImplementation.java:72)
" type="org.mockito.exceptions.verification.TooManyActualInvocations">org.mockito.exceptions.verification.TooManyActualInvocations: 
budgetPeriodRepository.get(1);
Wanted 1 time:
-&gt; at budget.service.BudgetPeriodServiceImplementationTest.shouldUpdate(BudgetPeriodServiceImplementationTest.java:118)
But was 2 times. Undesired invocation:
-&gt; at budget.service.BudgetPeriodServiceImplementation.update(BudgetPeriodServiceImplementation.java:72)

	at budget.service.BudgetPeriodServiceImplementationTest.shouldUpdate(BudgetPeriodServiceImplementationTest.java:118)
	at sun.reflect.NativeMethodAccessorImpl.invoke0(Native Method)
	at sun.reflect.NativeMethodAccessorImpl.invoke(NativeMethodAccessorImpl.java:62)
	at sun.reflect.DelegatingMethodAccessorImpl.invoke(DelegatingMethodAccessorImpl.java:43)
	at java.lang.reflect.Method.invoke(Method.java:498)
	at org.junit.runners.model.FrameworkMethod$1.runReflectiveCall(FrameworkMethod.java:47)
	at org.junit.internal.runners.model.ReflectiveCallable.run(ReflectiveCallable.java:12)
	at org.junit.runners.model.FrameworkMethod.invokeExplosively(FrameworkMethod.java:44)
	at org.junit.internal.runners.statements.InvokeMethod.evaluate(InvokeMethod.java:17)
	at org.junit.internal.runners.statements.RunBefores.evaluate(RunBefores.java:26)
	at org.junit.runners.ParentRunner.runLeaf(ParentRunner.java:271)
	at org.junit.runners.BlockJUnit4ClassRunner.runChild(BlockJUnit4ClassRunner.java:70)
	at org.junit.runners.BlockJUnit4ClassRunner.runChild(BlockJUnit4ClassRunner.java:50)
	at org.junit.runners.ParentRunner$3.run(ParentRunner.java:238)
	at org.junit.runners.ParentRunner$1.schedule(ParentRunner.java:63)
	at org.junit.runners.ParentRunner.runChildren(ParentRunner.java:236)
	at org.junit.runners.ParentRunner.access$000(ParentRunner.java:53)
	at org.junit.runners.ParentRunner$2.evaluate(ParentRunner.java:229)
	at org.junit.runners.ParentRunner.run(ParentRunner.java:309)
	at org.apache.maven.surefire.junit4.JUnit4Provider.execute(JUnit4Provider.java:252)
	at org.apache.maven.surefire.junit4.JUnit4Provider.executeTestSet(JUnit4Provider.java:141)
	at org.apache.maven.surefire.junit4.JUnit4Provider.invoke(JUnit4Provider.java:112)
	at sun.reflect.NativeMethodAccessorImpl.invoke0(Native Method)
	at sun.reflect.NativeMethodAccessorImpl.invoke(NativeMethodAccessorImpl.java:62)
	at sun.reflect.DelegatingMethodAccessorImpl.invoke(DelegatingMethodAccessorImpl.java:43)
	at java.lang.reflect.Method.invoke(Method.java:498)
	at org.apache.maven.surefire.util.ReflectionUtils.invokeMethodWithArray(ReflectionUtils.java:189)
	at org.apache.maven.surefire.booter.ProviderFactory$ProviderProxy.invoke(ProviderFactory.java:165)
	at org.apache.maven.surefire.booter.ProviderFactory.invokeProvider(ProviderFactory.java:85)
	at org.apache.maven.surefire.booter.ForkedBooter.runSuitesInProcess(ForkedBooter.java:115)
	at org.apache.maven.surefire.booter.ForkedBooter.main(ForkedBooter.java:75)
</failure>
  </testcase>
  <testcase classname="budget.service.BudgetPeriodServiceImplementationTest" name="shouldThrowResourceNotFoundOnGet" time="0"/>
  <testcase classname="budget.service.BudgetPeriodServiceImplementationTest" name="shouldThrowResourceNotFoundOnUpdate" time="0"/>
  <testcase classname="budget.service.BudgetPeriodServiceImplementationTest" name="shouldThrowInvalidDataOnUpdate" time="0.012">
    <failure message="
budgetPeriodRepository.get(1);
Wanted 1 time:
-&gt; at budget.service.BudgetPeriodServiceImplementationTest.shouldThrowInvalidDataOnUpdate(BudgetPeriodServiceImplementationTest.java:107)
But was 2 times. Undesired invocation:
-&gt; at budget.service.BudgetPeriodServiceImplementation.update(BudgetPeriodServiceImplementation.java:72)
" type="org.mockito.exceptions.verification.TooManyActualInvocations">org.mockito.exceptions.verification.TooManyActualInvocations: 
budgetPeriodRepository.get(1);
Wanted 1 time:
-&gt; at budget.service.BudgetPeriodServiceImplementationTest.shouldThrowInvalidDataOnUpdate(BudgetPeriodServiceImplementationTest.java:107)
But was 2 times. Undesired invocation:
-&gt; at budget.service.BudgetPeriodServiceImplementation.update(BudgetPeriodServiceImplementation.java:72)

	at budget.service.BudgetPeriodServiceImplementationTest.shouldThrowInvalidDataOnUpdate(BudgetPeriodServiceImplementationTest.java:107)
	at sun.reflect.NativeMethodAccessorImpl.invoke0(Native Method)
	at sun.reflect.NativeMethodAccessorImpl.invoke(NativeMethodAccessorImpl.java:62)
	at sun.reflect.DelegatingMethodAccessorImpl.invoke(DelegatingMethodAccessorImpl.java:43)
	at java.lang.reflect.Method.invoke(Method.java:498)
	at org.junit.runners.model.FrameworkMethod$1.runReflectiveCall(FrameworkMethod.java:47)
	at org.junit.internal.runners.model.ReflectiveCallable.run(ReflectiveCallable.java:12)
	at org.junit.runners.model.FrameworkMethod.invokeExplosively(FrameworkMethod.java:44)
	at org.junit.internal.runners.statements.InvokeMethod.evaluate(InvokeMethod.java:17)
	at org.junit.internal.runners.statements.RunBefores.evaluate(RunBefores.java:26)
	at org.junit.runners.ParentRunner.runLeaf(ParentRunner.java:271)
	at org.junit.runners.BlockJUnit4ClassRunner.runChild(BlockJUnit4ClassRunner.java:70)
	at org.junit.runners.BlockJUnit4ClassRunner.runChild(BlockJUnit4ClassRunner.java:50)
	at org.junit.runners.ParentRunner$3.run(ParentRunner.java:238)
	at org.junit.runners.ParentRunner$1.schedule(ParentRunner.java:63)
	at org.junit.runners.ParentRunner.runChildren(ParentRunner.java:236)
	at org.junit.runners.ParentRunner.access$000(ParentRunner.java:53)
	at org.junit.runners.ParentRunner$2.evaluate(ParentRunner.java:229)
	at org.junit.runners.ParentRunner.run(ParentRunner.java:309)
	at org.apache.maven.surefire.junit4.JUnit4Provider.execute(JUnit4Provider.java:252)
	at org.apache.maven.surefire.junit4.JUnit4Provider.executeTestSet(JUnit4Provider.java:141)
	at org.apache.maven.surefire.junit4.JUnit4Provider.invoke(JUnit4Provider.java:112)
	at sun.reflect.NativeMethodAccessorImpl.invoke0(Native Method)
	at sun.reflect.NativeMethodAccessorImpl.invoke(NativeMethodAccessorImpl.java:62)
	at sun.reflect.DelegatingMethodAccessorImpl.invoke(DelegatingMethodAccessorImpl.java:43)
	at java.lang.reflect.Method.invoke(Method.java:498)
	at org.apache.maven.surefire.util.ReflectionUtils.invokeMethodWithArray(ReflectionUtils.java:189)
	at org.apache.maven.surefire.booter.ProviderFactory$ProviderProxy.invoke(ProviderFactory.java:165)
	at org.apache.maven.surefire.booter.ProviderFactory.invokeProvider(ProviderFactory.java:85)
	at org.apache.maven.surefire.booter.ForkedBooter.runSuitesInProcess(ForkedBooter.java:115)
	at org.apache.maven.surefire.booter.ForkedBooter.main(ForkedBooter.java:75)
</failure>
  </testcase>
  <testcase classname="budget.service.BudgetPeriodServiceImplementationTest" name="shouldReturnBudgetPeriodOnGet" time="0"/>
</testsuite>