<?xml version="1.0" encoding="UTF-8" ?>
<testsuite tests="12" failures="0" name="budget.service.integration.UserServiceDBIntegrationTest" time="1.167" errors="0" skipped="0">
  <properties>
[...]
</properties>
  <testcase classname="budget.service.integration.UserServiceDBIntegrationTest" name="shouldThrowResourceNotFoundExceptionOnDeleteWhenResourceIsNotPresentInDB" time="0.021"/>
  <testcase classname="budget.service.integration.UserServiceDBIntegrationTest" name="shouldThrowResourceNotFoundExceptionOnGetByIdWhenResourceIsNotPresentInDB" time="0.019"/>
  <testcase classname="budget.service.integration.UserServiceDBIntegrationTest" name="shouldDelete" time="0.198"/>
  <testcase classname="budget.service.integration.UserServiceDBIntegrationTest" name="shouldThrowInvalidDataExceptionOnCreationWhenIdentifierAlreadyExists" time="0.034"/>
  <testcase classname="budget.service.integration.UserServiceDBIntegrationTest" name="shouldUpdate" time="0.173"/>
  <testcase classname="budget.service.integration.UserServiceDBIntegrationTest" name="shouldThrowInvalidDataExceptionOnUpdateWhenWrongRoleIsProvided" time="0.175"/>
  <testcase classname="budget.service.integration.UserServiceDBIntegrationTest" name="shouldThrowResourceNotFoundExceptionOnGetByEmailWhenResourceIsNotPresentInDB" time="0.018"/>
  <testcase classname="budget.service.integration.UserServiceDBIntegrationTest" name="shouldReturnUserOnGetByEmail" time="0.139"/>
  <testcase classname="budget.service.integration.UserServiceDBIntegrationTest" name="shouldCreateUser" time="0.122"/>
  <testcase classname="budget.service.integration.UserServiceDBIntegrationTest" name="shouldThrowInvalidDataOnCreateWhenEmailAlreadyExist" time="0.132"/>
  <testcase classname="budget.service.integration.UserServiceDBIntegrationTest" name="shouldReturnUserOnGet" time="0.119"/>
  <testcase classname="budget.service.integration.UserServiceDBIntegrationTest" name="shouldThrowResourceNotFoundExceptionOnUpdateWhenResourceIsNotPresentInDB" time="0.017"/>
</testsuite>